<?xml version="1.0" encoding="UTF-8"?>
<testng-results skipped="0" failed="0" ignored="0" total="3" passed="3">
  <reporter-output>
  </reporter-output>
  <suite name="Surefire suite" duration-ms="17481" started-at="2022-09-12T13:04:48 IST" finished-at="2022-09-12T13:05:06 IST">
    <groups>
      <group name="cucumber">
        <method signature="AbstractTestNGCucumberTests.runScenario(io.cucumber.testng.PickleWrapper,io.cucumber.testng.FeatureWrapper)[pri:0, instance:runners.TestNGRunner@1500955a]" name="runScenario" class="io.cucumber.testng.AbstractTestNGCucumberTests"/>
      </group> <!-- cucumber -->
    </groups>
    <test name="Surefire test" duration-ms="17481" started-at="2022-09-12T13:04:48 IST" finished-at="2022-09-12T13:05:06 IST">
      <class name="runners.TestNGRunner">
        <test-method status="PASS" signature="setUpClass(org.testng.ITestContext)[pri:0, instance:runners.TestNGRunner@1500955a]" name="setUpClass" is-config="true" duration-ms="579" started-at="2022-09-12T13:04:48 IST" finished-at="2022-09-12T13:04:49 IST">
          <params>
            <param index="0">
              <value>
                <![CDATA[org.testng.TestRunner@2dbe250d]]>
              </value>
            </param>
          </params>
          <reporter-output>
          </reporter-output>
        </test-method> <!-- setUpClass -->
        <test-method status="PASS" signature="runScenario(io.cucumber.testng.PickleWrapper,io.cucumber.testng.FeatureWrapper)[pri:0, instance:runners.TestNGRunner@1500955a]" name="runScenario" duration-ms="10429" started-at="2022-09-12T13:04:49 IST" description="Runs Cucumber Scenarios" data-provider="scenarios" finished-at="2022-09-12T13:04:59 IST">
          <params>
            <param index="0">
              <value>
                <![CDATA["Search tomato"]]>
              </value>
            </param>
            <param index="1">
              <value>
                <![CDATA["Optional[Search funationality]"]]>
              </value>
            </param>
          </params>
          <reporter-output>
          </reporter-output>
        </test-method> <!-- runScenario -->
        <test-method status="PASS" signature="runScenario(io.cucumber.testng.PickleWrapper,io.cucumber.testng.FeatureWrapper)[pri:0, instance:runners.TestNGRunner@1500955a]" name="runScenario" duration-ms="10420" started-at="2022-09-12T13:04:49 IST" description="Runs Cucumber Scenarios" data-provider="scenarios" finished-at="2022-09-12T13:04:59 IST">
          <params>
            <param index="0">
              <value>
                <![CDATA["Search tomato"]]>
              </value>
            </param>
            <param index="1">
              <value>
                <![CDATA["Optional[Search funationality]"]]>
              </value>
            </param>
          </params>
          <reporter-output>
          </reporter-output>
        </test-method> <!-- runScenario -->
        <test-method status="PASS" signature="runScenario(io.cucumber.testng.PickleWrapper,io.cucumber.testng.FeatureWrapper)[pri:0, instance:runners.TestNGRunner@1500955a]" name="runScenario" duration-ms="6138" started-at="2022-09-12T13:04:59 IST" description="Runs Cucumber Scenarios" data-provider="scenarios" finished-at="2022-09-12T13:05:05 IST">
          <params>
            <param index="0">
              <value>
                <![CDATA["Search tomato"]]>
              </value>
            </param>
            <param index="1">
              <value>
                <![CDATA["Optional[Search funationality]"]]>
              </value>
            </param>
          </params>
          <reporter-output>
          </reporter-output>
        </test-method> <!-- runScenario -->
        <test-method status="PASS" signature="tearDownClass()[pri:0, instance:runners.TestNGRunner@1500955a]" name="tearDownClass" is-config="true" duration-ms="310" started-at="2022-09-12T13:05:05 IST" finished-at="2022-09-12T13:05:06 IST">
          <reporter-output>
          </reporter-output>
        </test-method> <!-- tearDownClass -->
      </class> <!-- runners.TestNGRunner -->
    </test> <!-- Surefire test -->
  </suite> <!-- Surefire suite -->
</testng-results>
