<?xml version="1.0" encoding="UTF-8"?>
<testng-results ignored="0" total="8" passed="8" failed="0" skipped="0">
  <reporter-output>
  </reporter-output>
  <suite started-at="2022-11-07T11:41:21 IST" name="Default suite" finished-at="2022-11-07T11:42:51 IST" duration-ms="89885">
    <groups>
      <group name="cucumber">
        <method signature="AbstractTestNGCucumberTests.runScenario(io.cucumber.testng.PickleWrapper,io.cucumber.testng.FeatureWrapper)[pri:0, instance:runners.TestNGRunner@2e385cce]" name="runScenario" class="io.cucumber.testng.AbstractTestNGCucumberTests"/>
      </group> <!-- cucumber -->
    </groups>
    <test started-at="2022-11-07T11:41:21 IST" name="Default test" finished-at="2022-11-07T11:42:51 IST" duration-ms="89885">
      <class name="runners.TestNGRunner">
        <test-method is-config="true" signature="setUpClass(org.testng.ITestContext)[pri:0, instance:runners.TestNGRunner@2e385cce]" started-at="2022-11-07T11:41:21 IST" name="setUpClass" finished-at="2022-11-07T11:41:22 IST" duration-ms="854" status="PASS">
          <params>
            <param index="0">
              <value>
                <![CDATA[org.testng.TestRunner@b2f4ece]]>
              </value>
            </param>
          </params>
          <reporter-output>
          </reporter-output>
        </test-method> <!-- setUpClass -->
        <test-method signature="runScenario(io.cucumber.testng.PickleWrapper,io.cucumber.testng.FeatureWrapper)[pri:0, instance:runners.TestNGRunner@2e385cce]" started-at="2022-11-07T11:41:22 IST" name="runScenario" description="Runs Cucumber Scenarios" data-provider="scenarios" finished-at="2022-11-07T11:41:52 IST" duration-ms="29835" status="PASS">
          <params>
            <param index="0">
              <value>
                <![CDATA["Veirfy total approved loans, total amount disbursed and default rate are displayed under General Tab"]]>
              </value>
            </param>
            <param index="1">
              <value>
                <![CDATA["Optional[Validate Statistics page]"]]>
              </value>
            </param>
          </params>
          <reporter-output>
          </reporter-output>
        </test-method> <!-- runScenario -->
        <test-method signature="runScenario(io.cucumber.testng.PickleWrapper,io.cucumber.testng.FeatureWrapper)[pri:0, instance:runners.TestNGRunner@2e385cce]" started-at="2022-11-07T11:41:22 IST" name="runScenario" description="Runs Cucumber Scenarios" data-provider="scenarios" finished-at="2022-11-07T11:41:53 IST" duration-ms="31060" status="PASS">
          <params>
            <param index="0">
              <value>
                <![CDATA["Veirfy user navigates to Statistics page"]]>
              </value>
            </param>
            <param index="1">
              <value>
                <![CDATA["Optional[Validate]"]]>
              </value>
            </param>
          </params>
          <reporter-output>
          </reporter-output>
        </test-method> <!-- runScenario -->
        <test-method signature="runScenario(io.cucumber.testng.PickleWrapper,io.cucumber.testng.FeatureWrapper)[pri:0, instance:runners.TestNGRunner@2e385cce]" started-at="2022-11-07T11:41:22 IST" name="runScenario" description="Runs Cucumber Scenarios" data-provider="scenarios" finished-at="2022-11-07T11:41:45 IST" duration-ms="23399" status="PASS">
          <params>
            <param index="0">
              <value>
                <![CDATA["Veirfy Fulfilment Rate is displayed on Statistics page"]]>
              </value>
            </param>
            <param index="1">
              <value>
                <![CDATA["Optional[Validate Statistics page]"]]>
              </value>
            </param>
          </params>
          <reporter-output>
          </reporter-output>
        </test-method> <!-- runScenario -->
        <test-method signature="runScenario(io.cucumber.testng.PickleWrapper,io.cucumber.testng.FeatureWrapper)[pri:0, instance:runners.TestNGRunner@2e385cce]" started-at="2022-11-07T11:41:22 IST" name="runScenario" description="Runs Cucumber Scenarios" data-provider="scenarios" finished-at="2022-11-07T11:41:44 IST" duration-ms="21946" status="PASS">
          <params>
            <param index="0">
              <value>
                <![CDATA["Veirfy General, Repayment, Disbursement tabs are displayed on Statistics page"]]>
              </value>
            </param>
            <param index="1">
              <value>
                <![CDATA["Optional[Validate Statistics page]"]]>
              </value>
            </param>
          </params>
          <reporter-output>
          </reporter-output>
        </test-method> <!-- runScenario -->
        <test-method signature="runScenario(io.cucumber.testng.PickleWrapper,io.cucumber.testng.FeatureWrapper)[pri:0, instance:runners.TestNGRunner@2e385cce]" started-at="2022-11-07T11:41:22 IST" name="runScenario" description="Runs Cucumber Scenarios" data-provider="scenarios" finished-at="2022-11-07T11:41:45 IST" duration-ms="23440" status="PASS">
          <params>
            <param index="0">
              <value>
                <![CDATA["Veirfy No. of financing is displayed on Statistics page"]]>
              </value>
            </param>
            <param index="1">
              <value>
                <![CDATA["Optional[Validate Statistics page]"]]>
              </value>
            </param>
          </params>
          <reporter-output>
          </reporter-output>
        </test-method> <!-- runScenario -->
        <test-method signature="runScenario(io.cucumber.testng.PickleWrapper,io.cucumber.testng.FeatureWrapper)[pri:0, instance:runners.TestNGRunner@2e385cce]" started-at="2022-11-07T11:41:22 IST" name="runScenario" description="Runs Cucumber Scenarios" data-provider="scenarios" finished-at="2022-11-07T11:41:45 IST" duration-ms="22666" status="PASS">
          <params>
            <param index="0">
              <value>
                <![CDATA["Veirfy Total Funded Amount is displayed on Statistics page"]]>
              </value>
            </param>
            <param index="1">
              <value>
                <![CDATA["Optional[Validate Statistics page]"]]>
              </value>
            </param>
          </params>
          <reporter-output>
          </reporter-output>
        </test-method> <!-- runScenario -->
        <test-method signature="runScenario(io.cucumber.testng.PickleWrapper,io.cucumber.testng.FeatureWrapper)[pri:0, instance:runners.TestNGRunner@2e385cce]" started-at="2022-11-07T11:41:22 IST" name="runScenario" description="Runs Cucumber Scenarios" data-provider="scenarios" finished-at="2022-11-07T11:42:51 IST" duration-ms="88604" status="PASS">
          <params>
            <param index="0">
              <value>
                <![CDATA["Veirfy Disbursement tab and store all industry names according percentage"]]>
              </value>
            </param>
            <param index="1">
              <value>
                <![CDATA["Optional[Validate Statistics page]"]]>
              </value>
            </param>
          </params>
          <reporter-output>
          </reporter-output>
        </test-method> <!-- runScenario -->
        <test-method signature="runScenario(io.cucumber.testng.PickleWrapper,io.cucumber.testng.FeatureWrapper)[pri:0, instance:runners.TestNGRunner@2e385cce]" started-at="2022-11-07T11:41:22 IST" name="runScenario" description="Runs Cucumber Scenarios" data-provider="scenarios" finished-at="2022-11-07T11:41:45 IST" duration-ms="22630" status="PASS">
          <params>
            <param index="0">
              <value>
                <![CDATA["Veirfy Default rate is displayed on Statistics page"]]>
              </value>
            </param>
            <param index="1">
              <value>
                <![CDATA["Optional[Validate Statistics page]"]]>
              </value>
            </param>
          </params>
          <reporter-output>
          </reporter-output>
        </test-method> <!-- runScenario -->
        <test-method is-config="true" signature="tearDownClass()[pri:0, instance:runners.TestNGRunner@2e385cce]" started-at="2022-11-07T11:42:51 IST" name="tearDownClass" finished-at="2022-11-07T11:42:51 IST" duration-ms="387" status="PASS">
          <reporter-output>
          </reporter-output>
        </test-method> <!-- tearDownClass -->
      </class> <!-- runners.TestNGRunner -->
    </test> <!-- Default test -->
  </suite> <!-- Default suite -->
</testng-results>
